#
# There is insufficient memory for the Java Runtime Environment to continue.
# Native memory allocation (malloc) failed to allocate 493696 bytes. Error detail: Chunk::new
# Possible reasons:
#   The system is out of physical RAM or swap space
#   This process is running with CompressedOops enabled, and the Java Heap may be blocking the growth of the native heap
# Possible solutions:
#   Reduce memory load on the system
#   Increase physical memory or swap space
#   Check if swap backing store is full
#   Decrease Java heap size (-Xmx/-Xms)
#   Decrease number of Java threads
#   Decrease Java thread stack sizes (-Xss)
#   Set larger code cache with -XX:ReservedCodeCacheSize=
#   JVM is running with Unscaled Compressed Oops mode in which the Java heap is
#     placed in the first 4GB address space. The Java Heap base address is the
#     maximum limit for the native heap growth. Please use -XX:HeapBaseMinAddress
#     to set the Java Heap base and to place the Java Heap above 4GB virtual address.
# This output file may be truncated or incomplete.
#
#  Out of Memory Error (arena.cpp:168), pid=35980, tid=28420
#
# JRE version: OpenJDK Runtime Environment Temurin-21.0.8+9 (21.0.8+9) (build 21.0.8+9-LTS)
# Java VM: OpenJDK 64-Bit Server VM Temurin-21.0.8+9 (21.0.8+9-LTS, mixed mode, sharing, tiered, compressed oops, compressed class ptrs, parallel gc, windows-amd64)
# No core dump will be written. Minidumps are not enabled by default on client versions of Windows
#

---------------  S U M M A R Y ------------

Command Line: --add-modules=ALL-SYSTEM --add-opens=java.base/java.util=ALL-UNNAMED --add-opens=java.base/java.lang=ALL-UNNAMED --add-opens=java.base/sun.nio.fs=ALL-UNNAMED -Declipse.application=org.eclipse.jdt.ls.core.id1 -Dosgi.bundles.defaultStartLevel=4 -Declipse.product=org.eclipse.jdt.ls.core.product -Djava.import.generatesMetadataFilesAtProjectRoot=false -DDetectVMInstallationsJob.disabled=true -Dfile.encoding=utf8 -XX:+UseParallelGC -XX:GCTimeRatio=4 -XX:AdaptiveSizePolicyWeight=90 -Dsun.zip.disableMemoryMapping=true -Xmx2G -Xms100m -Xlog:disable -javaagent:c:\Users\lbanjoko\.vscode\extensions\redhat.java-1.47.0-win32-x64\lombok\lombok-1.18.39-4050.jar -XX:+HeapDumpOnOutOfMemoryError -XX:HeapDumpPath=c:\Users\lbanjoko\AppData\Roaming\Code\User\workspaceStorage\6f82c0e5fc8130d744169d86fc77a738\redhat.java -Daether.dependencyCollector.impl=bf c:\Users\lbanjoko\.vscode\extensions\redhat.java-1.47.0-win32-x64\server\plugins\org.eclipse.equinox.launcher_1.7.100.v20251014-1222.jar -configuration c:\Users\lbanjoko\AppData\Roaming\Code\User\globalStorage\redhat.java\1.47.0\config_win -data c:\Users\lbanjoko\AppData\Roaming\Code\User\workspaceStorage\6f82c0e5fc8130d744169d86fc77a738\redhat.java\jdt_ws --pipe=\\.\pipe\lsp-2511a8cf74994b411711ece253dff44e-sock

Host: 11th Gen Intel(R) Core(TM) i7-1165G7 @ 2.80GHz, 8 cores, 31G,  Windows 11 , 64 bit Build 26100 (10.0.26100.7309)
Time: Mon Jan 12 17:16:21 2026 W. Central Africa Standard Time elapsed time: 31.632872 seconds (0d 0h 0m 31s)

---------------  T H R E A D  ---------------

Current thread (0x000001deffaf82e0):  JavaThread "C2 CompilerThread0" daemon [_thread_in_native, id=28420, stack(0x000000a2e7100000,0x000000a2e7200000) (1024K)]


Current CompileTask:
C2:31633 2656       4       java.io.DataInputStream::readUTF (501 bytes)

Stack: [0x000000a2e7100000,0x000000a2e7200000]
Native frames: (J=compiled Java code, j=interpreted, Vv=VM code, C=native code)
V  [jvm.dll+0x6d2449]
V  [jvm.dll+0x8ae341]
V  [jvm.dll+0x8b08be]
V  [jvm.dll+0x8b0fa3]
V  [jvm.dll+0x280c96]
V  [jvm.dll+0xc581d]
V  [jvm.dll+0xc5d53]
V  [jvm.dll+0x3b919c]
V  [jvm.dll+0x385315]
V  [jvm.dll+0x38477a]
V  [jvm.dll+0x248ed0]
V  [jvm.dll+0x2484af]
V  [jvm.dll+0x1c89ee]
V  [jvm.dll+0x257d4d]
V  [jvm.dll+0x2562ea]
V  [jvm.dll+0x3f2d16]
V  [jvm.dll+0x857e6b]
V  [jvm.dll+0x6d0b0d]
C  [ucrtbase.dll+0x37b0]
C  [KERNEL32.DLL+0x2e8d7]
C  [ntdll.dll+0x8c53c]


---------------  P R O C E S S  ---------------

Threads class SMR info:
_java_thread_list=0x000001decbce1850, length=23, elements={
0x000001deed33ade0, 0x000001deffaea690, 0x000001deffaecbc0, 0x000001deffaf1890,
0x000001deffaf3f00, 0x000001deffaf6a60, 0x000001deffaf74b0, 0x000001deffaf82e0,
0x000001deffb1e090, 0x000001dec6637550, 0x000001dec68741f0, 0x000001decb30a0b0,
0x000001decb6a2d20, 0x000001decb59b3a0, 0x000001decb5992d0, 0x000001decb59ba30,
0x000001decb599960, 0x000001decb59a680, 0x000001decb599ff0, 0x000001decb5985b0,
0x000001decb59ad10, 0x000001decb598c40, 0x000001decb4791f0
}

Java Threads: ( => current thread )
  0x000001deed33ade0 JavaThread "main"                              [_thread_blocked, id=29096, stack(0x000000a2e6700000,0x000000a2e6800000) (1024K)]
  0x000001deffaea690 JavaThread "Reference Handler"          daemon [_thread_blocked, id=23828, stack(0x000000a2e6b00000,0x000000a2e6c00000) (1024K)]
  0x000001deffaecbc0 JavaThread "Finalizer"                  daemon [_thread_blocked, id=9452, stack(0x000000a2e6c00000,0x000000a2e6d00000) (1024K)]
  0x000001deffaf1890 JavaThread "Signal Dispatcher"          daemon [_thread_blocked, id=5560, stack(0x000000a2e6d00000,0x000000a2e6e00000) (1024K)]
  0x000001deffaf3f00 JavaThread "Attach Listener"            daemon [_thread_blocked, id=34680, stack(0x000000a2e6e00000,0x000000a2e6f00000) (1024K)]
  0x000001deffaf6a60 JavaThread "Service Thread"             daemon [_thread_blocked, id=30364, stack(0x000000a2e6f00000,0x000000a2e7000000) (1024K)]
  0x000001deffaf74b0 JavaThread "Monitor Deflation Thread"   daemon [_thread_blocked, id=31072, stack(0x000000a2e7000000,0x000000a2e7100000) (1024K)]
=>0x000001deffaf82e0 JavaThread "C2 CompilerThread0"         daemon [_thread_in_native, id=28420, stack(0x000000a2e7100000,0x000000a2e7200000) (1024K)]
  0x000001deffb1e090 JavaThread "C1 CompilerThread0"         daemon [_thread_blocked, id=20288, stack(0x000000a2e7200000,0x000000a2e7300000) (1024K)]
  0x000001dec6637550 JavaThread "Common-Cleaner"             daemon [_thread_blocked, id=36732, stack(0x000000a2e7300000,0x000000a2e7400000) (1024K)]
  0x000001dec68741f0 JavaThread "Notification Thread"        daemon [_thread_blocked, id=36344, stack(0x000000a2e7400000,0x000000a2e7500000) (1024K)]
  0x000001decb30a0b0 JavaThread "Active Thread: Equinox Container: 2c23c3d0-18fe-42b1-95d0-099e70dcfcc1"        [_thread_blocked, id=6336, stack(0x000000a2e8100000,0x000000a2e8200000) (1024K)]
  0x000001decb6a2d20 JavaThread "Framework Event Dispatcher: Equinox Container: 2c23c3d0-18fe-42b1-95d0-099e70dcfcc1" daemon [_thread_blocked, id=34908, stack(0x000000a2e8200000,0x000000a2e8300000) (1024K)]
  0x000001decb59b3a0 JavaThread "Start Level: Equinox Container: 2c23c3d0-18fe-42b1-95d0-099e70dcfcc1" daemon [_thread_in_Java, id=13568, stack(0x000000a2e8300000,0x000000a2e8400000) (1024K)]
  0x000001decb5992d0 JavaThread "Refresh Thread: Equinox Container: 2c23c3d0-18fe-42b1-95d0-099e70dcfcc1" daemon [_thread_blocked, id=12360, stack(0x000000a2e7b00000,0x000000a2e7c00000) (1024K)]
  0x000001decb59ba30 JavaThread "Equinox resolver thread - Equinox Container: 2c23c3d0-18fe-42b1-95d0-099e70dcfcc1" daemon [_thread_blocked, id=29768, stack(0x000000a2e7e00000,0x000000a2e7f00000) (1024K)]
  0x000001decb599960 JavaThread "Equinox resolver thread - Equinox Container: 2c23c3d0-18fe-42b1-95d0-099e70dcfcc1" daemon [_thread_blocked, id=25712, stack(0x000000a2e7f00000,0x000000a2e8000000) (1024K)]
  0x000001decb59a680 JavaThread "Equinox resolver thread - Equinox Container: 2c23c3d0-18fe-42b1-95d0-099e70dcfcc1" daemon [_thread_blocked, id=12968, stack(0x000000a2e8000000,0x000000a2e8100000) (1024K)]
  0x000001decb599ff0 JavaThread "Equinox resolver thread - Equinox Container: 2c23c3d0-18fe-42b1-95d0-099e70dcfcc1" daemon [_thread_blocked, id=12908, stack(0x000000a2e8500000,0x000000a2e8600000) (1024K)]
  0x000001decb5985b0 JavaThread "Equinox resolver thread - Equinox Container: 2c23c3d0-18fe-42b1-95d0-099e70dcfcc1" daemon [_thread_blocked, id=18852, stack(0x000000a2e8600000,0x000000a2e8700000) (1024K)]
  0x000001decb59ad10 JavaThread "Equinox resolver thread - Equinox Container: 2c23c3d0-18fe-42b1-95d0-099e70dcfcc1" daemon [_thread_blocked, id=11740, stack(0x000000a2e8700000,0x000000a2e8800000) (1024K)]
  0x000001decb598c40 JavaThread "Equinox resolver thread - Equinox Container: 2c23c3d0-18fe-42b1-95d0-099e70dcfcc1" daemon [_thread_blocked, id=29792, stack(0x000000a2e8800000,0x000000a2e8900000) (1024K)]
  0x000001decb4791f0 JavaThread "Equinox resolver thread - Equinox Container: 2c23c3d0-18fe-42b1-95d0-099e70dcfcc1" daemon [_thread_blocked, id=27816, stack(0x000000a2e8900000,0x000000a2e8a00000) (1024K)]
Total: 23

Other Threads:
  0x000001deffae0a30 VMThread "VM Thread"                           [id=15272, stack(0x000000a2e6a00000,0x000000a2e6b00000) (1024K)]
  0x000001deed3a8090 WatcherThread "VM Periodic Task Thread"        [id=34512, stack(0x000000a2e6900000,0x000000a2e6a00000) (1024K)]
  0x000001deed35a4e0 WorkerThread "GC Thread#0"                     [id=14728, stack(0x000000a2e6800000,0x000000a2e6900000) (1024K)]
  0x000001decb2bcdd0 WorkerThread "GC Thread#1"                     [id=5620, stack(0x000000a2e7500000,0x000000a2e7600000) (1024K)]
  0x000001decb5b4030 WorkerThread "GC Thread#2"                     [id=12376, stack(0x000000a2e7600000,0x000000a2e7700000) (1024K)]
  0x000001decb5b43d0 WorkerThread "GC Thread#3"                     [id=25644, stack(0x000000a2e7700000,0x000000a2e7800000) (1024K)]
  0x000001decb5b4770 WorkerThread "GC Thread#4"                     [id=21224, stack(0x000000a2e7800000,0x000000a2e7900000) (1024K)]
  0x000001dec68b75b0 WorkerThread "GC Thread#5"                     [id=31540, stack(0x000000a2e7900000,0x000000a2e7a00000) (1024K)]
  0x000001dec68b7950 WorkerThread "GC Thread#6"                     [id=31224, stack(0x000000a2e7a00000,0x000000a2e7b00000) (1024K)]
  0x000001decb32e8d0 WorkerThread "GC Thread#7"                     [id=36028, stack(0x000000a2e8400000,0x000000a2e8500000) (1024K)]
Total: 10

Threads with active compile tasks:
C2 CompilerThread0  31776 2656       4       java.io.DataInputStream::readUTF (501 bytes)
Total: 1

VM state: not at safepoint (normal execution)

VM Mutex/Monitor currently owned by a thread: None

Heap address: 0x0000000080000000, size: 2048 MB, Compressed Oops mode: 32-bit

CDS archive(s) mapped at: [0x000001de84000000-0x000001de84ba0000-0x000001de84ba0000), size 12189696, SharedBaseAddress: 0x000001de84000000, ArchiveRelocationMode: 1.
Compressed class space mapped at: 0x000001de85000000-0x000001dec5000000, reserved size: 1073741824
Narrow klass base: 0x000001de84000000, Narrow klass shift: 0, Narrow klass range: 0x100000000

GC Precious Log:
 CardTable entry size: 512
 CPUs: 8 total, 8 available
 Memory: 32427M
 Large Page Support: Disabled
 NUMA Support: Disabled
 Compressed Oops: Enabled (32-bit)
 Alignments: Space 512K, Generation 512K, Heap 2M
 Heap Min Capacity: 100M
 Heap Initial Capacity: 100M
 Heap Max Capacity: 2G
 Pre-touch: Disabled
 Parallel Workers: 8

Heap:
 PSYoungGen      total 29696K, used 21728K [0x00000000d5580000, 0x00000000d7680000, 0x0000000100000000)
  eden space 25600K, 68% used [0x00000000d5580000,0x00000000d66b9688,0x00000000d6e80000)
  from space 4096K, 99% used [0x00000000d6e80000,0x00000000d727ec00,0x00000000d7280000)
  to   space 4096K, 0% used [0x00000000d7280000,0x00000000d7280000,0x00000000d7680000)
 ParOldGen       total 68608K, used 4780K [0x0000000080000000, 0x0000000084300000, 0x00000000d5580000)
  object space 68608K, 6% used [0x0000000080000000,0x00000000804ab138,0x0000000084300000)
 Metaspace       used 9953K, committed 10240K, reserved 1114112K
  class space    used 1036K, committed 1152K, reserved 1048576K

Card table byte_map: [0x000001deecbe0000,0x000001deecff0000] _byte_map_base: 0x000001deec7e0000

Marking Bits: (ParMarkBitMap*) 0x00007fff6183a340
 Begin Bits: [0x000001de80000000, 0x000001de82000000)
 End Bits:   [0x000001de82000000, 0x000001de84000000)

Polling page: 0x000001deea960000

Metaspace:

Usage:
  Non-class:      8.71 MB used.
      Class:      1.01 MB used.
       Both:      9.72 MB used.

Virtual space:
  Non-class space:       64.00 MB reserved,       8.88 MB ( 14%) committed,  1 nodes.
      Class space:        1.00 GB reserved,       1.12 MB ( <1%) committed,  1 nodes.
             Both:        1.06 GB reserved,      10.00 MB ( <1%) committed. 

Chunk freelists:
   Non-Class:  7.14 MB
       Class:  14.76 MB
        Both:  21.90 MB

MaxMetaspaceSize: unlimited
CompressedClassSpaceSize: 1.00 GB
Initial GC threshold: 21.00 MB
Current GC threshold: 21.00 MB
CDS: on
 - commit_granule_bytes: 65536.
 - commit_granule_words: 8192.
 - virtual_space_node_default_size: 8388608.
 - enlarge_chunks_in_place: 1.
 - use_allocation_guard: 0.


Internal statistics:

num_allocs_failed_limit: 0.
num_arena_births: 254.
num_arena_deaths: 0.
num_vsnodes_births: 2.
num_vsnodes_deaths: 0.
num_space_committed: 160.
num_space_uncommitted: 0.
num_chunks_returned_to_freelist: 0.
num_chunks_taken_from_freelist: 510.
num_chunk_merges: 0.
num_chunk_splits: 327.
num_chunks_enlarged: 223.
num_inconsistent_stats: 0.

CodeHeap 'non-profiled nmethods': size=120000Kb used=1111Kb max_used=1111Kb free=118888Kb
 bounds [0x000001def7ff0000, 0x000001def8260000, 0x000001deff520000]
CodeHeap 'profiled nmethods': size=120000Kb used=5358Kb max_used=5358Kb free=114641Kb
 bounds [0x000001def0520000, 0x000001def0a60000, 0x000001def7a50000]
CodeHeap 'non-nmethods': size=5760Kb used=1238Kb max_used=1255Kb free=4521Kb
 bounds [0x000001def7a50000, 0x000001def7cc0000, 0x000001def7ff0000]
CodeCache: size=245760Kb, used=7707Kb, max_used=7724Kb, free=238050Kb
 total_blobs=3168, nmethods=2675, adapters=399, full_count=0
Compilation: enabled, stopped_count=0, restarted_count=0

Compilation events (20 events):
Event: 31.536 Thread 0x000001deffaf82e0 2656       4       java.io.DataInputStream::readUTF (501 bytes)
Event: 31.537 Thread 0x000001deffb1e090 nmethod 2653 0x000001def0a47c10 code [0x000001def0a47e20, 0x000001def0a48490]
Event: 31.537 Thread 0x000001deffb1e090 2654       3       jdk.internal.util.ByteArray::getUnsignedShort (12 bytes)
Event: 31.538 Thread 0x000001deffb1e090 nmethod 2654 0x000001def0a48790 code [0x000001def0a489a0, 0x000001def0a48f38]
Event: 31.538 Thread 0x000001deffb1e090 2655       3       java.lang.Short::toUnsignedInt (5 bytes)
Event: 31.538 Thread 0x000001deffb1e090 nmethod 2655 0x000001def0a49190 code [0x000001def0a49320, 0x000001def0a49418]
Event: 31.538 Thread 0x000001deffb1e090 2657       3       java.io.DataInputStream::readFully (9 bytes)
Event: 31.538 Thread 0x000001deffb1e090 nmethod 2657 0x000001def0a49490 code [0x000001def0a49640, 0x000001def0a49788]
Event: 31.570 Thread 0x000001deffb1e090 2659   !   3       java.util.concurrent.ConcurrentHashMap::transfer (849 bytes)
Event: 31.576 Thread 0x000001deffb1e090 nmethod 2659 0x000001def0a49890 code [0x000001def0a49cc0, 0x000001def0a4bec8]
Event: 31.576 Thread 0x000001deffb1e090 2662       3       java.util.Arrays$ArrayItr::next (36 bytes)
Event: 31.577 Thread 0x000001deffb1e090 nmethod 2662 0x000001def0a4d590 code [0x000001def0a4d740, 0x000001def0a4d990]
Event: 31.582 Thread 0x000001deffb1e090 2663       3       jdk.internal.org.objectweb.asm.ClassWriter::visit (160 bytes)
Event: 31.585 Thread 0x000001deffb1e090 nmethod 2663 0x000001def0a4da90 code [0x000001def0a4dcc0, 0x000001def0a4e420]
Event: 31.585 Thread 0x000001deffb1e090 2665       3       jdk.internal.org.objectweb.asm.ClassWriter::toByteArray (1517 bytes)
Event: 31.601 Thread 0x000001deffb1e090 nmethod 2665 0x000001def0a4e890 code [0x000001def0a4f200, 0x000001def0a52e20]
Event: 31.601 Thread 0x000001deffb1e090 2664       3       jdk.internal.org.objectweb.asm.SymbolTable::setMajorVersionAndClassName (19 bytes)
Event: 31.602 Thread 0x000001deffb1e090 nmethod 2664 0x000001def0a54e10 code [0x000001def0a54fc0, 0x000001def0a55188]
Event: 31.602 Thread 0x000001deffb1e090 2666       3       java.lang.invoke.MemberName::<init> (139 bytes)
Event: 31.604 Thread 0x000001deffb1e090 nmethod 2666 0x000001def0a55290 code [0x000001def0a555c0, 0x000001def0a56718]

GC Heap History (6 events):
Event: 6.575 GC heap before
{Heap before GC invocations=1 (full 0):
 PSYoungGen      total 29696K, used 25600K [0x00000000d5580000, 0x00000000d7680000, 0x0000000100000000)
  eden space 25600K, 100% used [0x00000000d5580000,0x00000000d6e80000,0x00000000d6e80000)
  from space 4096K, 0% used [0x00000000d7280000,0x00000000d7280000,0x00000000d7680000)
  to   space 4096K, 0% used [0x00000000d6e80000,0x00000000d6e80000,0x00000000d7280000)
 ParOldGen       total 68608K, used 0K [0x0000000080000000, 0x0000000084300000, 0x00000000d5580000)
  object space 68608K, 0% used [0x0000000080000000,0x0000000080000000,0x0000000084300000)
 Metaspace       used 4505K, committed 4672K, reserved 1114112K
  class space    used 492K, committed 576K, reserved 1048576K
}
Event: 6.666 GC heap after
{Heap after GC invocations=1 (full 0):
 PSYoungGen      total 29696K, used 3271K [0x00000000d5580000, 0x00000000d7680000, 0x0000000100000000)
  eden space 25600K, 0% used [0x00000000d5580000,0x00000000d5580000,0x00000000d6e80000)
  from space 4096K, 79% used [0x00000000d6e80000,0x00000000d71b1e98,0x00000000d7280000)
  to   space 4096K, 0% used [0x00000000d7280000,0x00000000d7280000,0x00000000d7680000)
 ParOldGen       total 68608K, used 0K [0x0000000080000000, 0x0000000084300000, 0x00000000d5580000)
  object space 68608K, 0% used [0x0000000080000000,0x0000000080000000,0x0000000084300000)
 Metaspace       used 4505K, committed 4672K, reserved 1114112K
  class space    used 492K, committed 576K, reserved 1048576K
}
Event: 17.249 GC heap before
{Heap before GC invocations=2 (full 0):
 PSYoungGen      total 29696K, used 28871K [0x00000000d5580000, 0x00000000d7680000, 0x0000000100000000)
  eden space 25600K, 100% used [0x00000000d5580000,0x00000000d6e80000,0x00000000d6e80000)
  from space 4096K, 79% used [0x00000000d6e80000,0x00000000d71b1e98,0x00000000d7280000)
  to   space 4096K, 0% used [0x00000000d7280000,0x00000000d7280000,0x00000000d7680000)
 ParOldGen       total 68608K, used 0K [0x0000000080000000, 0x0000000084300000, 0x00000000d5580000)
  object space 68608K, 0% used [0x0000000080000000,0x0000000080000000,0x0000000084300000)
 Metaspace       used 8360K, committed 8640K, reserved 1114112K
  class space    used 887K, committed 1024K, reserved 1048576K
}
Event: 17.261 GC heap after
{Heap after GC invocations=2 (full 0):
 PSYoungGen      total 29696K, used 4087K [0x00000000d5580000, 0x00000000d7680000, 0x0000000100000000)
  eden space 25600K, 0% used [0x00000000d5580000,0x00000000d5580000,0x00000000d6e80000)
  from space 4096K, 99% used [0x00000000d7280000,0x00000000d767dea8,0x00000000d7680000)
  to   space 4096K, 0% used [0x00000000d6e80000,0x00000000d6e80000,0x00000000d7280000)
 ParOldGen       total 68608K, used 40K [0x0000000080000000, 0x0000000084300000, 0x00000000d5580000)
  object space 68608K, 0% used [0x0000000080000000,0x000000008000a000,0x0000000084300000)
 Metaspace       used 8360K, committed 8640K, reserved 1114112K
  class space    used 887K, committed 1024K, reserved 1048576K
}
Event: 29.303 GC heap before
{Heap before GC invocations=3 (full 0):
 PSYoungGen      total 29696K, used 29687K [0x00000000d5580000, 0x00000000d7680000, 0x0000000100000000)
  eden space 25600K, 100% used [0x00000000d5580000,0x00000000d6e80000,0x00000000d6e80000)
  from space 4096K, 99% used [0x00000000d7280000,0x00000000d767dea8,0x00000000d7680000)
  to   space 4096K, 0% used [0x00000000d6e80000,0x00000000d6e80000,0x00000000d7280000)
 ParOldGen       total 68608K, used 40K [0x0000000080000000, 0x0000000084300000, 0x00000000d5580000)
  object space 68608K, 0% used [0x0000000080000000,0x000000008000a000,0x0000000084300000)
 Metaspace       used 8824K, committed 9152K, reserved 1114112K
  class space    used 920K, committed 1088K, reserved 1048576K
}
Event: 29.319 GC heap after
{Heap after GC invocations=3 (full 0):
 PSYoungGen      total 29696K, used 4091K [0x00000000d5580000, 0x00000000d7680000, 0x0000000100000000)
  eden space 25600K, 0% used [0x00000000d5580000,0x00000000d5580000,0x00000000d6e80000)
  from space 4096K, 99% used [0x00000000d6e80000,0x00000000d727ec00,0x00000000d7280000)
  to   space 4096K, 0% used [0x00000000d7280000,0x00000000d7280000,0x00000000d7680000)
 ParOldGen       total 68608K, used 4780K [0x0000000080000000, 0x0000000084300000, 0x00000000d5580000)
  object space 68608K, 6% used [0x0000000080000000,0x00000000804ab138,0x0000000084300000)
 Metaspace       used 8824K, committed 9152K, reserved 1114112K
  class space    used 920K, committed 1088K, reserved 1048576K
}

Dll operation events (9 events):
Event: 0.168 Loaded shared library c:\Users\lbanjoko\.vscode\extensions\redhat.java-1.47.0-win32-x64\jre\21.0.8-win32-x86_64\bin\java.dll
Event: 0.543 Loaded shared library c:\Users\lbanjoko\.vscode\extensions\redhat.java-1.47.0-win32-x64\jre\21.0.8-win32-x86_64\bin\zip.dll
Event: 0.649 Loaded shared library C:\Users\lbanjoko\.vscode\extensions\redhat.java-1.47.0-win32-x64\jre\21.0.8-win32-x86_64\bin\instrument.dll
Event: 1.054 Loaded shared library C:\Users\lbanjoko\.vscode\extensions\redhat.java-1.47.0-win32-x64\jre\21.0.8-win32-x86_64\bin\net.dll
Event: 1.124 Loaded shared library C:\Users\lbanjoko\.vscode\extensions\redhat.java-1.47.0-win32-x64\jre\21.0.8-win32-x86_64\bin\nio.dll
Event: 1.163 Loaded shared library C:\Users\lbanjoko\.vscode\extensions\redhat.java-1.47.0-win32-x64\jre\21.0.8-win32-x86_64\bin\zip.dll
Event: 1.267 Loaded shared library C:\Users\lbanjoko\.vscode\extensions\redhat.java-1.47.0-win32-x64\jre\21.0.8-win32-x86_64\bin\jimage.dll
Event: 2.267 Loaded shared library c:\Users\lbanjoko\.vscode\extensions\redhat.java-1.47.0-win32-x64\jre\21.0.8-win32-x86_64\bin\verify.dll
Event: 29.024 Loaded shared library C:\Users\lbanjoko\AppData\Roaming\Code\User\globalStorage\redhat.java\1.47.0\config_win\org.eclipse.equinox.launcher\org.eclipse.equinox.launcher.win32.win32.x86_64_1.2.1400.v20250801-0854\eclipse_11916.dll

Deoptimization events (20 events):
Event: 30.608 Thread 0x000001decb59b3a0 Uncommon trap: trap_request=0xffffffde fr.pc=0x000001def80c2b18 relative=0x0000000000000078
Event: 30.608 Thread 0x000001decb59b3a0 Uncommon trap: reason=class_check action=maybe_recompile pc=0x000001def80c2b18 method=java.util.Collections$3.hasMoreElements()Z @ 4 c2
Event: 30.608 Thread 0x000001decb59b3a0 DEOPT PACKING pc=0x000001def80c2b18 sp=0x000000a2e83fd660
Event: 30.609 Thread 0x000001decb59b3a0 DEOPT UNPACKING pc=0x000001def7aa6da2 sp=0x000000a2e83fd5f0 mode 2
Event: 30.609 Thread 0x000001decb59b3a0 Uncommon trap: trap_request=0xffffffde fr.pc=0x000001def80c2b18 relative=0x0000000000000078
Event: 30.609 Thread 0x000001decb59b3a0 Uncommon trap: reason=class_check action=maybe_recompile pc=0x000001def80c2b18 method=java.util.Collections$3.hasMoreElements()Z @ 4 c2
Event: 30.609 Thread 0x000001decb59b3a0 DEOPT PACKING pc=0x000001def80c2b18 sp=0x000000a2e83fd660
Event: 30.609 Thread 0x000001decb59b3a0 DEOPT UNPACKING pc=0x000001def7aa6da2 sp=0x000000a2e83fd5f0 mode 2
Event: 30.609 Thread 0x000001decb59b3a0 Uncommon trap: trap_request=0xffffffde fr.pc=0x000001def80c2b18 relative=0x0000000000000078
Event: 30.609 Thread 0x000001decb59b3a0 Uncommon trap: reason=class_check action=maybe_recompile pc=0x000001def80c2b18 method=java.util.Collections$3.hasMoreElements()Z @ 4 c2
Event: 30.609 Thread 0x000001decb59b3a0 DEOPT PACKING pc=0x000001def80c2b18 sp=0x000000a2e83fd660
Event: 30.609 Thread 0x000001decb59b3a0 DEOPT UNPACKING pc=0x000001def7aa6da2 sp=0x000000a2e83fd5f0 mode 2
Event: 31.321 Thread 0x000001decb59b3a0 Uncommon trap: trap_request=0xffffffcc fr.pc=0x000001def80e9928 relative=0x0000000000000368
Event: 31.321 Thread 0x000001decb59b3a0 Uncommon trap: reason=intrinsic_or_type_checked_inlining action=make_not_entrant pc=0x000001def80e9928 method=java.util.Arrays.copyOf([Ljava/lang/Object;ILjava/lang/Class;)[Ljava/lang/Object; @ 35 c2
Event: 31.321 Thread 0x000001decb59b3a0 DEOPT PACKING pc=0x000001def80e9928 sp=0x000000a2e83fdd00
Event: 31.321 Thread 0x000001decb59b3a0 DEOPT UNPACKING pc=0x000001def7aa6da2 sp=0x000000a2e83fdca8 mode 2
Event: 31.394 Thread 0x000001decb59b3a0 Uncommon trap: trap_request=0xffffff45 fr.pc=0x000001def809eef0 relative=0x00000000000001d0
Event: 31.394 Thread 0x000001decb59b3a0 Uncommon trap: reason=unstable_if action=reinterpret pc=0x000001def809eef0 method=java.io.BufferedInputStream.getBufIfOpen(Z)[B @ 6 c2
Event: 31.394 Thread 0x000001decb59b3a0 DEOPT PACKING pc=0x000001def809eef0 sp=0x000000a2e83fc8d0
Event: 31.394 Thread 0x000001decb59b3a0 DEOPT UNPACKING pc=0x000001def7aa6da2 sp=0x000000a2e83fc868 mode 2

Classes loaded (20 events):
Event: 31.576 Loading class java/time/zone/Ser
Event: 31.577 Loading class java/io/Externalizable
Event: 31.577 Loading class java/io/Externalizable done
Event: 31.577 Loading class java/time/zone/Ser done
Event: 31.580 Loading class java/util/logging/LogRecord$CallerFinder
Event: 31.580 Loading class java/util/logging/LogRecord$CallerFinder done
Event: 31.583 Loading class java/lang/StackStreamFactory
Event: 31.588 Loading class java/lang/StackStreamFactory done
Event: 31.589 Loading class java/lang/StackWalker$ExtendedOption
Event: 31.589 Loading class java/lang/StackWalker$ExtendedOption done
Event: 31.589 Loading class java/lang/StackStreamFactory$StackFrameTraverser
Event: 31.590 Loading class java/lang/StackStreamFactory$StackFrameTraverser done
Event: 31.590 Loading class java/lang/StackStreamFactory$WalkerState
Event: 31.590 Loading class java/lang/StackStreamFactory$WalkerState done
Event: 31.590 Loading class java/lang/StackStreamFactory$StackFrameTraverser$StackFrameBuffer
Event: 31.590 Loading class java/lang/StackStreamFactory$FrameBuffer
Event: 31.591 Loading class java/lang/StackStreamFactory$FrameBuffer done
Event: 31.591 Loading class java/lang/StackStreamFactory$StackFrameTraverser$StackFrameBuffer done
Event: 31.593 Loading class java/util/logging/Level$RbAccess
Event: 31.593 Loading class java/util/logging/Level$RbAccess done

Classes unloaded (0 events):
No events

Classes redefined (0 events):
No events

Internal exceptions (20 events):
Event: 6.785 Thread 0x000001deed33ade0 Exception <a 'java/io/FileNotFoundException'{0x00000000d55f51b0}> (0x00000000d55f51b0) 
thrown [s\src\hotspot\share\prims\jni.cpp, line 520]
Event: 6.995 Thread 0x000001deed33ade0 Implicit null exception at 0x000001def804d049 to 0x000001def804d9e0
Event: 6.997 Thread 0x000001deed33ade0 Implicit null exception at 0x000001def805fa9a to 0x000001def805fca0
Event: 6.998 Thread 0x000001deed33ade0 Exception <a 'java/lang/NoSuchMethodError'{0x00000000d57a5aa0}: 'void java.lang.invoke.DirectMethodHandle$Holder.invokeStatic(java.lang.Object, java.lang.Object, java.lang.Object, java.lang.Object)'> (0x00000000d57a5aa0) 
thrown [s\src\hotspot\share\interpreter\linkResolver.cpp, line 773]
Event: 7.002 Thread 0x000001deed33ade0 Implicit null exception at 0x000001def805c21a to 0x000001def805c424
Event: 7.003 Thread 0x000001deed33ade0 Implicit null exception at 0x000001def8050bbd to 0x000001def8050c41
Event: 7.571 Thread 0x000001deed33ade0 Exception <a 'java/lang/NoSuchMethodError'{0x00000000d5ba4160}: 'int java.lang.invoke.DirectMethodHandle$Holder.invokeVirtual(java.lang.Object, java.lang.Object)'> (0x00000000d5ba4160) 
thrown [s\src\hotspot\share\interpreter\linkResolver.cpp, line 773]
Event: 8.630 Thread 0x000001deed33ade0 Exception <a 'java/lang/IncompatibleClassChangeError'{0x00000000d6573ae8}: Found class java.lang.Object, but interface was expected> (0x00000000d6573ae8) 
thrown [s\src\hotspot\share\interpreter\linkResolver.cpp, line 840]
Event: 8.632 Thread 0x000001deed33ade0 Exception <a 'java/lang/NoSuchMethodError'{0x00000000d657c628}: 'void java.lang.invoke.DirectMethodHandle$Holder.invokeInterface(java.lang.Object, java.lang.Object, java.lang.Object)'> (0x00000000d657c628) 
thrown [s\src\hotspot\share\interpreter\linkResolver.cpp, line 773]
Event: 8.701 Thread 0x000001deed33ade0 Exception <a 'java/lang/NoSuchMethodError'{0x00000000d67f03d0}: 'int java.lang.invoke.DirectMethodHandle$Holder.invokeStaticInit(java.lang.Object, java.lang.Object, java.lang.Object, java.lang.Object)'> (0x00000000d67f03d0) 
thrown [s\src\hotspot\share\interpreter\linkResolver.cpp, line 773]
Event: 8.705 Thread 0x000001deed33ade0 Exception <a 'java/lang/NoSuchMethodError'{0x00000000d67faa60}: 'void java.lang.invoke.DirectMethodHandle$Holder.invokeStaticInit(java.lang.Object, java.lang.Object)'> (0x00000000d67faa60) 
thrown [s\src\hotspot\share\interpreter\linkResolver.cpp, line 773]
Event: 8.710 Thread 0x000001deed33ade0 Exception <a 'java/lang/NoSuchMethodError'{0x00000000d68001e0}: 'int java.lang.invoke.DirectMethodHandle$Holder.invokeStaticInit(java.lang.Object, java.lang.Object)'> (0x00000000d68001e0) 
thrown [s\src\hotspot\share\interpreter\linkResolver.cpp, line 773]
Event: 8.808 Thread 0x000001deed33ade0 Exception <a 'java/lang/NoSuchMethodError'{0x00000000d69e8630}: 'java.lang.Object java.lang.invoke.DirectMethodHandle$Holder.newInvokeSpecial(java.lang.Object, int, java.lang.Object)'> (0x00000000d69e8630) 
thrown [s\src\hotspot\share\interpreter\linkResolver.cpp, line 773]
Event: 8.880 Thread 0x000001deed33ade0 Exception <a 'java/lang/ClassNotFoundException'{0x00000000d6b632e0}: sun/net/www/protocol/plurl/Handler> (0x00000000d6b632e0) 
thrown [s\src\hotspot\share\classfile\systemDictionary.cpp, line 312]
Event: 8.880 Thread 0x000001deed33ade0 Exception <a 'java/lang/ClassNotFoundException'{0x00000000d6b64160}: sun/net/www/protocol/plurl/Handler> (0x00000000d6b64160) 
thrown [s\src\hotspot\share\classfile\systemDictionary.cpp, line 312]
Event: 8.889 Thread 0x000001deed33ade0 Exception <a 'java/lang/NoSuchMethodError'{0x00000000d6ba3ba0}: 'void java.lang.invoke.DirectMethodHandle$Holder.invokeSpecial(java.lang.Object, java.lang.Object, java.lang.Object)'> (0x00000000d6ba3ba0) 
thrown [s\src\hotspot\share\interpreter\linkResolver.cpp, line 773]
Event: 19.620 Thread 0x000001deed33ade0 Exception <a 'java/lang/UnsatisfiedLinkError'{0x00000000d6ac71a8}: 'void org.eclipse.equinox.launcher.JNIBridge._update_splash()'> (0x00000000d6ac71a8) 
thrown [s\src\hotspot\share\prims\nativeLookup.cpp, line 415]
Event: 31.103 Thread 0x000001decb59b3a0 Exception <a 'java/lang/NoSuchMethodError'{0x00000000d64265c0}: 'java.lang.Object java.lang.invoke.DirectMethodHandle$Holder.newInvokeSpecial(java.lang.Object, java.lang.Object, int, java.lang.Object)'> (0x00000000d64265c0) 
thrown [s\src\hotspot\share\interpreter\linkResolver.cpp, line 773]
Event: 31.104 Thread 0x000001decb59b3a0 Exception <a 'java/lang/NoSuchMethodError'{0x00000000d642a430}: 'java.lang.Object java.lang.invoke.DirectMethodHandle$Holder.invokeSpecial(java.lang.Object, java.lang.Object, java.lang.Object, int, java.lang.Object)'> (0x00000000d642a430) 
thrown [s\src\hotspot\share\interpreter\linkResolver.cpp, line 773]
Event: 31.287 Thread 0x000001decb59b3a0 Exception <a 'java/lang/NoClassDefFoundError'{0x00000000d64d91c8}: jakarta/servlet/ServletContainerInitializer> (0x00000000d64d91c8) 
thrown [s\src\hotspot\share\classfile\systemDictionary.cpp, line 301]

ZGC Phase Switch (0 events):
No events

VM Operations (20 events):
Event: 18.274 Executing VM operation: Cleanup
Event: 18.274 Executing VM operation: Cleanup done
Event: 19.285 Executing VM operation: Cleanup
Event: 19.285 Executing VM operation: Cleanup done
Event: 19.630 Executing VM operation: HandshakeAllThreads (Deoptimize)
Event: 19.630 Executing VM operation: HandshakeAllThreads (Deoptimize) done
Event: 19.767 Executing VM operation: HandshakeAllThreads (Deoptimize)
Event: 29.035 Executing VM operation: HandshakeAllThreads (Deoptimize) done
Event: 29.035 Executing VM operation: Cleanup
Event: 29.035 Executing VM operation: Cleanup done
Event: 29.156 Executing VM operation: ParallelGCFailedAllocation (Allocation Failure)
Event: 29.319 Executing VM operation: ParallelGCFailedAllocation (Allocation Failure) done
Event: 30.245 Executing VM operation: ICBufferFull
Event: 30.246 Executing VM operation: ICBufferFull done
Event: 31.257 Executing VM operation: Cleanup
Event: 31.273 Executing VM operation: Cleanup done
Event: 31.308 Executing VM operation: HandshakeAllThreads (Deoptimize)
Event: 31.309 Executing VM operation: HandshakeAllThreads (Deoptimize) done
Event: 31.521 Executing VM operation: HandshakeAllThreads (Deoptimize)
Event: 31.522 Executing VM operation: HandshakeAllThreads (Deoptimize) done

Memory protections (0 events):
No events

Nmethod flushes (0 events):
No events

Events (20 events):
Event: 18.569 Thread 0x000001decb0d39a0 Thread exited: 0x000001decb0d39a0
Event: 18.630 Thread 0x000001decb03e310 Thread exited: 0x000001decb03e310
Event: 18.643 Thread 0x000001decb4ced50 Thread exited: 0x000001decb4ced50
Event: 19.615 Thread 0x000001deed33ade0 Thread added: 0x000001decb5992d0
Event: 19.737 Thread 0x000001deffb1e090 Thread added: 0x000001decba9d060
Event: 19.746 Thread 0x000001deffb1e090 Thread added: 0x000001decb56cc70
Event: 29.147 Thread 0x000001decb5992d0 Thread added: 0x000001decb59ba30
Event: 29.148 Thread 0x000001decb5992d0 Thread added: 0x000001decb599960
Event: 29.148 Thread 0x000001decb5992d0 Thread added: 0x000001decb59a680
Event: 29.149 Thread 0x000001decb5992d0 Thread added: 0x000001decb599ff0
Event: 29.149 Thread 0x000001decb5992d0 Thread added: 0x000001decb5985b0
Event: 29.149 Thread 0x000001decb5992d0 Thread added: 0x000001decb59ad10
Event: 29.149 Thread 0x000001decb5992d0 Thread added: 0x000001decb598c40
Event: 29.152 Thread 0x000001decb5992d0 Thread added: 0x000001decb4791f0
Event: 29.320 Thread 0x000001decb56cc70 Thread exited: 0x000001decb56cc70
Event: 29.320 Thread 0x000001decba9d060 Thread exited: 0x000001decba9d060
Event: 29.418 Thread 0x000001deffaf82e0 Thread added: 0x000001dec695c020
Event: 29.942 Thread 0x000001dec695c020 Thread exited: 0x000001dec695c020
Event: 30.117 Thread 0x000001deffb1e090 Thread added: 0x000001dec695c020
Event: 30.437 Thread 0x000001dec695c020 Thread exited: 0x000001dec695c020


Dynamic libraries:
0x00007ff6bd150000 - 0x00007ff6bd15e000 	c:\Users\lbanjoko\.vscode\extensions\redhat.java-1.47.0-win32-x64\jre\21.0.8-win32-x86_64\bin\java.exe
0x00007fffd2cc0000 - 0x00007fffd2f27000 	C:\WINDOWS\SYSTEM32\ntdll.dll
0x00007fffd2260000 - 0x00007fffd2329000 	C:\WINDOWS\System32\KERNEL32.DLL
0x00007fffd00c0000 - 0x00007fffd04af000 	C:\WINDOWS\System32\KERNELBASE.dll
0x00007fffcf9e0000 - 0x00007fffcfb95000 	C:\Windows\system32\hmpalert.dll
0x00007fffcf630000 - 0x00007fffcf81c000 	C:\Windows\System32\SophosED\SophosED.dll
0x00007fffcfe10000 - 0x00007fffcff5b000 	C:\WINDOWS\System32\ucrtbase.dll
0x00007fffb7110000 - 0x00007fffb7128000 	c:\Users\lbanjoko\.vscode\extensions\redhat.java-1.47.0-win32-x64\jre\21.0.8-win32-x86_64\bin\jli.dll
0x00007fffd10c0000 - 0x00007fffd1285000 	C:\WINDOWS\System32\USER32.dll
0x00007fffd0900000 - 0x00007fffd0927000 	C:\WINDOWS\System32\win32u.dll
0x00007fffd19f0000 - 0x00007fffd1a1b000 	C:\WINDOWS\System32\GDI32.dll
0x00007fffd0930000 - 0x00007fffd0a5c000 	C:\WINDOWS\System32\gdi32full.dll
0x00007fffcff60000 - 0x00007fffd0003000 	C:\WINDOWS\System32\msvcp_win.dll
0x00007fffb4300000 - 0x00007fffb431e000 	c:\Users\lbanjoko\.vscode\extensions\redhat.java-1.47.0-win32-x64\jre\21.0.8-win32-x86_64\bin\VCRUNTIME140.dll
0x00007fff9f880000 - 0x00007fff9fb13000 	C:\WINDOWS\WinSxS\amd64_microsoft.windows.common-controls_6595b64144ccf1df_6.0.26100.7309_none_3e05feeae336a044\COMCTL32.dll
0x00007fffd2a30000 - 0x00007fffd2ad9000 	C:\WINDOWS\System32\msvcrt.dll
0x00007fffd1080000 - 0x00007fffd10b1000 	C:\WINDOWS\System32\IMM32.DLL
0x00007fffc4580000 - 0x00007fffc458c000 	c:\Users\lbanjoko\.vscode\extensions\redhat.java-1.47.0-win32-x64\jre\21.0.8-win32-x86_64\bin\vcruntime140_1.dll
0x00007fffb0740000 - 0x00007fffb07cd000 	c:\Users\lbanjoko\.vscode\extensions\redhat.java-1.47.0-win32-x64\jre\21.0.8-win32-x86_64\bin\msvcp140.dll
0x00007fff60b80000 - 0x00007fff61917000 	c:\Users\lbanjoko\.vscode\extensions\redhat.java-1.47.0-win32-x64\jre\21.0.8-win32-x86_64\bin\server\jvm.dll
0x00007fffd2480000 - 0x00007fffd2534000 	C:\WINDOWS\System32\ADVAPI32.dll
0x00007fffd2950000 - 0x00007fffd29f6000 	C:\WINDOWS\System32\sechost.dll
0x00007fffd0ac0000 - 0x00007fffd0bd8000 	C:\WINDOWS\System32\RPCRT4.dll
0x00007fffd23b0000 - 0x00007fffd2424000 	C:\WINDOWS\System32\WS2_32.dll
0x00007fffcf400000 - 0x00007fffcf45e000 	C:\WINDOWS\SYSTEM32\POWRPROF.dll
0x00007fffc20f0000 - 0x00007fffc2125000 	C:\WINDOWS\SYSTEM32\WINMM.dll
0x00007fffc4620000 - 0x00007fffc462b000 	C:\WINDOWS\SYSTEM32\VERSION.dll
0x00007fffcf2a0000 - 0x00007fffcf2b4000 	C:\WINDOWS\SYSTEM32\UMPDC.dll
0x00007fffce740000 - 0x00007fffce75b000 	C:\WINDOWS\SYSTEM32\kernel.appcore.dll
0x00007fffb76a0000 - 0x00007fffb76aa000 	c:\Users\lbanjoko\.vscode\extensions\redhat.java-1.47.0-win32-x64\jre\21.0.8-win32-x86_64\bin\jimage.dll
0x00007fffcd9a0000 - 0x00007fffcdbe2000 	C:\WINDOWS\SYSTEM32\DBGHELP.DLL
0x00007fffd1660000 - 0x00007fffd19e5000 	C:\WINDOWS\System32\combase.dll
0x00007fffd1a20000 - 0x00007fffd1af6000 	C:\WINDOWS\System32\OLEAUT32.dll
0x00007fffa1b30000 - 0x00007fffa1b6c000 	C:\WINDOWS\SYSTEM32\dbgcore.DLL
0x00007fffd0010000 - 0x00007fffd00b5000 	C:\WINDOWS\System32\bcryptPrimitives.dll
0x00007fffb5420000 - 0x00007fffb542f000 	c:\Users\lbanjoko\.vscode\extensions\redhat.java-1.47.0-win32-x64\jre\21.0.8-win32-x86_64\bin\instrument.dll
0x00007fffb4290000 - 0x00007fffb42af000 	c:\Users\lbanjoko\.vscode\extensions\redhat.java-1.47.0-win32-x64\jre\21.0.8-win32-x86_64\bin\java.dll
0x00007fffd1b00000 - 0x00007fffd2253000 	C:\WINDOWS\System32\SHELL32.dll
0x00007fffd0790000 - 0x00007fffd08fa000 	C:\WINDOWS\System32\wintypes.dll
0x00007fffcd060000 - 0x00007fffcd8be000 	C:\WINDOWS\SYSTEM32\windows.storage.dll
0x00007fffd2540000 - 0x00007fffd2635000 	C:\WINDOWS\System32\SHCORE.dll
0x00007fffd2640000 - 0x00007fffd26a6000 	C:\WINDOWS\System32\shlwapi.dll
0x00007fffcfd30000 - 0x00007fffcfd59000 	C:\WINDOWS\SYSTEM32\profapi.dll
0x00007fffb2bf0000 - 0x00007fffb2c08000 	c:\Users\lbanjoko\.vscode\extensions\redhat.java-1.47.0-win32-x64\jre\21.0.8-win32-x86_64\bin\zip.dll
0x00007fffb3dd0000 - 0x00007fffb3de0000 	C:\Users\lbanjoko\.vscode\extensions\redhat.java-1.47.0-win32-x64\jre\21.0.8-win32-x86_64\bin\net.dll
0x00007fffc64f0000 - 0x00007fffc6618000 	C:\WINDOWS\SYSTEM32\WINHTTP.dll
0x00007fffcec90000 - 0x00007fffcecfb000 	C:\WINDOWS\system32\mswsock.dll
0x00007fff94f10000 - 0x00007fff94f26000 	C:\Users\lbanjoko\.vscode\extensions\redhat.java-1.47.0-win32-x64\jre\21.0.8-win32-x86_64\bin\nio.dll
0x00007fffb38a0000 - 0x00007fffb38b0000 	c:\Users\lbanjoko\.vscode\extensions\redhat.java-1.47.0-win32-x64\jre\21.0.8-win32-x86_64\bin\verify.dll
0x00007fff5a570000 - 0x00007fff5a5b4000 	C:\Users\lbanjoko\AppData\Roaming\Code\User\globalStorage\redhat.java\1.47.0\config_win\org.eclipse.equinox.launcher\org.eclipse.equinox.launcher.win32.win32.x86_64_1.2.1400.v20250801-0854\eclipse_11916.dll
0x00007fffd2ae0000 - 0x00007fffd2c77000 	C:\WINDOWS\System32\ole32.dll

JVMTI agents:
c:\Users\lbanjoko\.vscode\extensions\redhat.java-1.47.0-win32-x64\lombok\lombok-1.18.39-4050.jar path:c:\Users\lbanjoko\.vscode\extensions\redhat.java-1.47.0-win32-x64\jre\21.0.8-win32-x86_64\bin\instrument.dll, loaded, initialized, instrumentlib options:none

dbghelp: loaded successfully - version: 4.0.5 - missing functions: none
symbol engine: initialized successfully - sym options: 0x614 - pdb path: .;c:\Users\lbanjoko\.vscode\extensions\redhat.java-1.47.0-win32-x64\jre\21.0.8-win32-x86_64\bin;C:\WINDOWS\SYSTEM32;C:\Windows\System32\SophosED;C:\WINDOWS\WinSxS\amd64_microsoft.windows.common-controls_6595b64144ccf1df_6.0.26100.7309_none_3e05feeae336a044;c:\Users\lbanjoko\.vscode\extensions\redhat.java-1.47.0-win32-x64\jre\21.0.8-win32-x86_64\bin\server;C:\Users\lbanjoko\AppData\Roaming\Code\User\globalStorage\redhat.java\1.47.0\config_win\org.eclipse.equinox.launcher\org.eclipse.equinox.launcher.win32.win32.x86_64_1.2.1400.v20250801-0854

VM Arguments:
jvm_args: --add-modules=ALL-SYSTEM --add-opens=java.base/java.util=ALL-UNNAMED --add-opens=java.base/java.lang=ALL-UNNAMED --add-opens=java.base/sun.nio.fs=ALL-UNNAMED -Declipse.application=org.eclipse.jdt.ls.core.id1 -Dosgi.bundles.defaultStartLevel=4 -Declipse.product=org.eclipse.jdt.ls.core.product -Djava.import.generatesMetadataFilesAtProjectRoot=false -DDetectVMInstallationsJob.disabled=true -Dfile.encoding=utf8 -XX:+UseParallelGC -XX:GCTimeRatio=4 -XX:AdaptiveSizePolicyWeight=90 -Dsun.zip.disableMemoryMapping=true -Xmx2G -Xms100m -Xlog:disable -javaagent:c:\Users\lbanjoko\.vscode\extensions\redhat.java-1.47.0-win32-x64\lombok\lombok-1.18.39-4050.jar -XX:+HeapDumpOnOutOfMemoryError -XX:HeapDumpPath=c:\Users\lbanjoko\AppData\Roaming\Code\User\workspaceStorage\6f82c0e5fc8130d744169d86fc77a738\redhat.java -Daether.dependencyCollector.impl=bf 
java_command: c:\Users\lbanjoko\.vscode\extensions\redhat.java-1.47.0-win32-x64\server\plugins\org.eclipse.equinox.launcher_1.7.100.v20251014-1222.jar -configuration c:\Users\lbanjoko\AppData\Roaming\Code\User\globalStorage\redhat.java\1.47.0\config_win -data c:\Users\lbanjoko\AppData\Roaming\Code\User\workspaceStorage\6f82c0e5fc8130d744169d86fc77a738\redhat.java\jdt_ws --pipe=\\.\pipe\lsp-2511a8cf74994b411711ece253dff44e-sock
java_class_path (initial): c:\Users\lbanjoko\.vscode\extensions\redhat.java-1.47.0-win32-x64\server\plugins\org.eclipse.equinox.launcher_1.7.100.v20251014-1222.jar
Launcher Type: SUN_STANDARD

[Global flags]
    uintx AdaptiveSizePolicyWeight                 = 90                                        {product} {command line}
     intx CICompilerCount                          = 4                                         {product} {ergonomic}
    uintx GCTimeRatio                              = 4                                         {product} {command line}
     bool HeapDumpOnOutOfMemoryError               = true                                   {manageable} {command line}
    ccstr HeapDumpPath                             = c:\Users\lbanjoko\AppData\Roaming\Code\User\workspaceStorage\6f82c0e5fc8130d744169d86fc77a738\redhat.java         {manageable} {command line}
   size_t InitialHeapSize                          = 104857600                                 {product} {command line}
   size_t MaxHeapSize                              = 2147483648                                {product} {command line}
   size_t MaxNewSize                               = 715653120                                 {product} {ergonomic}
   size_t MinHeapDeltaBytes                        = 524288                                    {product} {ergonomic}
   size_t MinHeapSize                              = 104857600                                 {product} {command line}
   size_t NewSize                                  = 34603008                                  {product} {ergonomic}
    uintx NonNMethodCodeHeapSize                   = 5839372                                {pd product} {ergonomic}
    uintx NonProfiledCodeHeapSize                  = 122909434                              {pd product} {ergonomic}
   size_t OldSize                                  = 70254592                                  {product} {ergonomic}
    uintx ProfiledCodeHeapSize                     = 122909434                              {pd product} {ergonomic}
    uintx ReservedCodeCacheSize                    = 251658240                              {pd product} {ergonomic}
     bool SegmentedCodeCache                       = true                                      {product} {ergonomic}
   size_t SoftMaxHeapSize                          = 2147483648                             {manageable} {ergonomic}
     bool UseCompressedOops                        = true                           {product lp64_product} {ergonomic}
     bool UseLargePagesIndividualAllocation        = false                                  {pd product} {ergonomic}
     bool UseParallelGC                            = true                                      {product} {command line}

Logging:
Log output configuration:
 #0: stdout all=off uptime,level,tags foldmultilines=false
 #1: stderr all=off uptime,level,tags foldmultilines=false

Environment Variables:
JAVA_HOME=C:\Program Files\Java\jdk-22
PATH=C:\Program Files\Common Files\Oracle\Java\javapath;C:\app\test\product\12.1.0\dbhome_1\BIN;C:\Program Files (x86)\Common Files\Oracle\Java\javapath;C:\Program Files\Eclipse Adoptium\jdk-17.0.6.10-hotspot\bin;C:\Windows\System32;C:\Windows;C:\Windows\System32\wbem;C:\Windows\System32\WindowsPowerShell\v1.0\;C:\Windows\System32\OpenSSH\;C:\Program Files\nodejs\;C:\Program Files (x86)\GnuPG\bin;C:\Program Files\Git\cmd;C:\Program Files (x86)\HP\Common\HPDestPlgIn\;C:\Program Files (x86)\HP\IdrsOCR_15.3.1129.0\;C:\Program Files\dotnet\;C:\Program Files\SafeNet\Protect Toolkit C SDK\lib;C:\Program Files\SafeNet\Protect Toolkit C SDK\bin\sw;C:\Program Files\SafeNet\Protect Toolkit C SDK\bin;;C:\Windows\System32;C:\Windows;C:\Windows\System32\wbem;C:\Windows\System32\WindowsPowerShell\v1.0\;C:\Windows\System32\OpenSSH\;C:\Program Files\Microsoft SQL Server\Client SDK\ODBC\170\Tools\Binn\;C:\Program Files (x86)\Microsoft SQL Server\160\Tools\Binn\;C:\Program Files\Microsoft SQL Server\160\Tools\Binn\;C:\Program Files\Microsoft SQL Server\160\DTS\Binn\;C:\Program Files (x86)\Microsoft SQL Server\160\DTS\Binn\;C:\Program Files\Azure Data Studio\bin;C:\Program Files\Docker\Docker\resources\bin;C:\Users\lbanjoko\AppData\Local\Microsoft\WindowsApps;C:\Users\lbanjoko\AppData\Roaming\npm;C:\Users\lbanjoko\AppData\Local\Programs\Microsoft VS Code\bin;C:\Users\lbanjoko\.dotnet\tools;C:\Users\lbanjoko\AppData\Local\GitHubDesktop\bin
USERNAME=lbanjoko
OS=Windows_NT
PROCESSOR_IDENTIFIER=Intel64 Family 6 Model 140 Stepping 1, GenuineIntel
TMP=C:\Users\lbanjoko\AppData\Local\Temp
TEMP=C:\Users\lbanjoko\AppData\Local\Temp




Periodic native trim disabled

---------------  S Y S T E M  ---------------

OS:
 Windows 11 , 64 bit Build 26100 (10.0.26100.7309)
OS uptime: 0 days 20:43 hours
Hyper-V role detected

CPU: total 8 (initial active 8) (4 cores per cpu, 2 threads per core) family 6 model 140 stepping 1 microcode 0xb6, cx8, cmov, fxsr, ht, mmx, 3dnowpref, sse, sse2, sse3, ssse3, sse4.1, sse4.2, popcnt, lzcnt, tsc, tscinvbit, avx, avx2, aes, erms, clmul, bmi1, bmi2, adx, avx512f, avx512dq, avx512cd, avx512bw, avx512vl, sha, fma, vzeroupper, avx512_vpopcntdq, avx512_vpclmulqdq, avx512_vaes, avx512_vnni, clflush, clflushopt, clwb, avx512_vbmi2, avx512_vbmi, hv, rdtscp, rdpid, fsrm, gfni, avx512_bitalg, f16c, cet_ibt, cet_ss, avx512_ifma
Processor Information for the first 8 processors :
  Max Mhz: 2803, Current Mhz: 1201, Mhz Limit: 1177

Memory: 4k page, system-wide physical 32427M (3361M free)
TotalPageFile size 48701M (AvailPageFile size 2M)
current process WorkingSet (physical memory assigned to process): 113M, peak: 113M
current process commit charge ("private bytes"): 256M, peak: 257M

vm_info: OpenJDK 64-Bit Server VM (21.0.8+9-LTS) for windows-amd64 JRE (21.0.8+9-LTS), built on 2025-07-15T00:00:00Z by "admin" with MS VC++ 17.7 (VS2022)

END.
